<?xml version="1.0" encoding="UTF-8"?>
<testng-results skipped="0" failed="0" total="0" passed="0">
  <reporter-output>
  </reporter-output>
  <suite name="DataDriven.DataDriven_FW.base.BaseTest" duration-ms="4" started-at="2018-03-28T03:51:54Z" finished-at="2018-03-28T03:51:54Z">
    <groups>
    </groups>
    <test name="Command line test" duration-ms="4" started-at="2018-03-28T03:51:54Z" finished-at="2018-03-28T03:51:54Z">
    </test> <!-- Command line test -->
  </suite> <!-- DataDriven.DataDriven_FW.base.BaseTest -->
</testng-results>
