<?xml version="1.0" encoding="UTF-8"?>
<testng-results skipped="0" failed="0" total="1" passed="1">
  <reporter-output>
  </reporter-output>
  <suite name="Default suite" duration-ms="6672" started-at="2018-03-28T03:54:01Z" finished-at="2018-03-28T03:54:08Z">
    <groups>
    </groups>
    <test name="Default test" duration-ms="6672" started-at="2018-03-28T03:54:01Z" finished-at="2018-03-28T03:54:08Z">
      <class name="DataDriven.DataDriven_FW.DummyTestB">
        <test-method status="PASS" signature="TestB()[pri:0, instance:DataDriven.DataDriven_FW.DummyTestB@7f13d6e]" name="TestB" duration-ms="6222" started-at="2018-03-27T23:54:01Z" finished-at="2018-03-27T23:54:07Z">
          <reporter-output>
          </reporter-output>
        </test-method> <!-- TestB -->
        <test-method status="PASS" signature="quit()[pri:0, instance:DataDriven.DataDriven_FW.DummyTestB@7f13d6e]" name="quit" is-config="true" duration-ms="436" started-at="2018-03-27T23:54:07Z" finished-at="2018-03-27T23:54:08Z">
          <reporter-output>
          </reporter-output>
        </test-method> <!-- quit -->
      </class> <!-- DataDriven.DataDriven_FW.DummyTestB -->
    </test> <!-- Default test -->
  </suite> <!-- Default suite -->
</testng-results>
